Operating system: Microsoft Windows NT 6.2.9200.0
Opening INI file "C:\Users\cd0331038\OneDrive - Pasadena ISD\(work on me) Sonic ROM\SonLVL Test - GHZ\SonLVL INIs\SonLVL.ini"...
Opening INI file "C:\Users\cd0331038\OneDrive - Pasadena ISD\(work on me) Sonic ROM\SonLVL Test - GHZ\SonLVL INIs\SonLVL.ini"...
Game type is S1.
Opening INI file "C:\Users\cd0331038\OneDrive - Pasadena ISD\(work on me) Sonic ROM\SonLVL Test - GHZ\SonLVL INIs\SonLVL - Copy.ini"...
Game type is S1.
Opening INI file "C:\Users\cd0331038\OneDrive - Pasadena ISD\(work on me) Sonic ROM\SonLVL Test - GHZ\SonLVL INIs\SonLVL.ini"...
Game type is S1.
Loading Title Screen...
Loading 16x16 blocks from file "../map16/ts.bin", using compression Enigma...
Loading 8x8 tiles from file "../artnem/8x8ts1.bin", using compression Nemesis...
Loading 256x256 chunks from file "../map256/ts.bin", using compression Kosinski...
Loading palette file "../pallet/sonic.bin"...
Source: 0 Destination: 0 Length: 16
Loading FG layout from file "../levels/ghz1.bin", using compression Uncompressed...
Loading palette file "../pallet/ghz.bin"...
Source: 0 Destination: 16 Length: 48
Loading BG layout from file "../levels/ghzbg.bin", using compression Uncompressed...
Loading object definition file "obj.ini".
Loading object definition file "objGHZ.ini".
Loading ObjectDefinition type S1ObjectDefinitions.Common.Ring from "Common\Ring.cs"...
Compiling code file...
Loading ObjectDefinition type S1ObjectDefinitions.Common.InvisibleBlock from "Common\InvisibleBlock.cs"...
Compiling code file...
Loading ObjectDefinition type S1ObjectDefinitions.GHZ.Bridge from "GHZ\Bridge.cs"...
Compiling code file...
Loading ObjectDefinition type S1ObjectDefinitions.GHZ.SwingingPlatform from "GHZ\SwingingPlatform.cs"...
Compiling code file...
Compile succeeded.
Compile succeeded.
Loading ObjectDefinition type S1ObjectDefinitions.GHZ.SpikedPole from "GHZ\SpikedPole.cs"...
Compile succeeded.
Compiling code file...
Compile succeeded.
Compile succeeded.
Loading objects from file "../objpos/ghz1.bin", using compression Uncompressed...
Loading start position "Level Start" from file "../misc/sloc_lev.bin"...
Loading start position "Credits Demo 1" from file "../misc/sloc_end.bin"...
Loading start position "Credits Demo 2" from file "../misc/sloc_end.bin"...
Drawing block bitmaps...
Drawing chunk bitmaps...
Level loaded in 3.4646557 second(s).
Load completed.
Opening INI file "C:\Users\cd0331038\OneDrive - Pasadena ISD\(work on me) Sonic ROM\SonLVL Test - GHZ\SonLVL INIs\SonLVL.ini"...
Game type is S1.
Opening INI file "C:\Users\cd0331038\OneDrive - Pasadena ISD\(work on me) Sonic ROM\SonLVL Test - GHZ\SonLVL INIs\SonLVL.ini"...
Game type is S1.
Loading Title Screen...
Loading 8x8 tiles from file "../artnem/8x8ts1.bin", using compression Nemesis...
Loading 16x16 blocks from file "../map16/ts.bin", using compression Enigma...
Loading FG layout from file "../levels/ghz1.bin", using compression Uncompressed...
Loading 256x256 chunks from file "../map256/ts.bin", using compression Kosinski...
Loading BG layout from file "../levels/ghzbg.bin", using compression Uncompressed...
Loading palette file "../pallet/sonic.bin"...
Source: 0 Destination: 0 Length: 16
Loading palette file "../pallet/ghz.bin"...
Source: 0 Destination: 16 Length: 48
Loading object definition file "obj.ini".
Loading object definition file "objGHZ.ini".
Loading ObjectDefinition type S1ObjectDefinitions.Common.Ring from "Common\Ring.cs"...
Loading type from cached assembly "dllcache\S1ObjectDefinitions.Common.Ring.dll"...
Loading ObjectDefinition type S1ObjectDefinitions.Common.InvisibleBlock from "Common\InvisibleBlock.cs"...
Loading type from cached assembly "dllcache\S1ObjectDefinitions.Common.InvisibleBlock.dll"...
Loading ObjectDefinition type S1ObjectDefinitions.GHZ.SwingingPlatform from "GHZ\SwingingPlatform.cs"...
Loading type from cached assembly "dllcache\S1ObjectDefinitions.GHZ.SwingingPlatform.dll"...
Loading ObjectDefinition type S1ObjectDefinitions.GHZ.Bridge from "GHZ\Bridge.cs"...
Loading type from cached assembly "dllcache\S1ObjectDefinitions.GHZ.Bridge.dll"...
Loading ObjectDefinition type S1ObjectDefinitions.GHZ.SpikedPole from "GHZ\SpikedPole.cs"...
Loading type from cached assembly "dllcache\S1ObjectDefinitions.GHZ.SpikedPole.dll"...
Loading start position "Level Start" from file "../misc/sloc_lev.bin"...
Loading objects from file "../objpos/ghz1.bin", using compression Uncompressed...
Loading start position "Credits Demo 1" from file "../misc/sloc_end.bin"...
Loading start position "Credits Demo 2" from file "../misc/sloc_end.bin"...
Drawing block bitmaps...
Drawing chunk bitmaps...
Level loaded in 0.5159721 second(s).
Load completed.
Saving Title Screen...
Saving Title Screen...
Saving Title Screen...
System.IndexOutOfRangeException: Index was outside the bounds of the array.
   at SonicRetro.SonLVL.GUI.MainForm.deleteUnusedChunksToolStripButton_Click(Object sender, EventArgs e) in D:\Programs\SonLVL\SonLVL\MainForm.cs:line 0
   at System.Windows.Forms.ToolStripItem.RaiseEvent(Object key, EventArgs e)
   at System.Windows.Forms.ToolStripButton.OnClick(EventArgs e)
   at System.Windows.Forms.ToolStripItem.HandleClick(EventArgs e)
   at System.Windows.Forms.ToolStripItem.HandleMouseUp(MouseEventArgs e)
   at System.Windows.Forms.ToolStripItem.FireEventInteractive(EventArgs e, ToolStripItemEventType met)
   at System.Windows.Forms.ToolStripItem.FireEvent(EventArgs e, ToolStripItemEventType met)
   at System.Windows.Forms.ToolStrip.OnMouseUp(MouseEventArgs mea)
   at System.Windows.Forms.Control.WmMouseUp(Message& m, MouseButtons button, Int32 clicks)
   at System.Windows.Forms.Control.WndProc(Message& m)
   at System.Windows.Forms.ScrollableControl.WndProc(Message& m)
   at System.Windows.Forms.ToolStrip.WndProc(Message& m)
   at System.Windows.Forms.Control.ControlNativeWindow.OnMessage(Message& m)
   at System.Windows.Forms.Control.ControlNativeWindow.WndProc(Message& m)
   at System.Windows.Forms.NativeWindow.Callback(IntPtr hWnd, Int32 msg, IntPtr wparam, IntPtr lparam)
